<?xml version="1.0" encoding="UTF-8"?>
<testsuite xmlns:xsi="http://www.w3.org/2001/XMLSchema-instance" xsi:noNamespaceSchemaLocation="https://maven.apache.org/surefire/maven-surefire-plugin/xsd/surefire-test-report.xsd" version="3.0.2" name="cl.eventos.ms_eventos.service.EventoServiceTest" time="13.276" tests="8" errors="0" skipped="0" failures="0" flakes="0">
  <properties>
[...]
</properties>
  <testcase name="testActualizar_CuandoExiste" classname="cl.eventos.ms_eventos.service.EventoServiceTest" time="0.187">
    <system-out><![CDATA[2026-06-15T17:07:49.270-04:00  INFO 9212 --- [ms-eventos] [           main] t.c.s.AnnotationConfigContextLoaderUtils : Could not detect default configuration classes for test class [cl.eventos.ms_eventos.service.EventoServiceTest]: EventoServiceTest does not declare any static, non-private, non-final, nested classes annotated with @Configuration.
2026-06-15T17:07:49.313-04:00  INFO 9212 --- [ms-eventos] [           main] .b.t.c.SpringBootTestContextBootstrapper : Found @SpringBootConfiguration cl.eventos.ms_eventos.MsEventosApplication for test class cl.eventos.ms_eventos.service.EventoServiceTest

  .   ____          _            __ _ _
 /\\ / ___'_ __ _ _(_)_ __  __ _ \ \ \ \
( ( )\___ | '_ | '_| | '_ \/ _` | \ \ \ \
 \\/  ___)| |_)| | | | | || (_| |  ) ) ) )
  '  |____| .__|_| |_|_| |_\__, | / / / /
 =========|_|==============|___/=/_/_/_/

 :: Spring Boot ::               (v3.5.14)

2026-06-15T17:07:49.635-04:00  INFO 9212 --- [ms-eventos] [           main] c.e.m.service.EventoServiceTest          : Starting EventoServiceTest using Java 17.0.2 with PID 9212 (started by benja in C:\Users\benja\OneDrive\Desktop\ms-eventos)
2026-06-15T17:07:49.636-04:00  INFO 9212 --- [ms-eventos] [           main] c.e.m.service.EventoServiceTest          : The following 1 profile is active: "test"
2026-06-15T17:07:51.425-04:00  INFO 9212 --- [ms-eventos] [           main] .s.d.r.c.RepositoryConfigurationDelegate : Bootstrapping Spring Data JPA repositories in DEFAULT mode.
2026-06-15T17:07:51.806-04:00  INFO 9212 --- [ms-eventos] [           main] .s.d.r.c.RepositoryConfigurationDelegate : Finished Spring Data repository scanning in 321 ms. Found 1 JPA repository interface.
2026-06-15T17:07:52.526-04:00  INFO 9212 --- [ms-eventos] [           main] o.s.cloud.context.scope.GenericScope     : BeanFactory id=fd4a1546-dc55-3376-95e1-bb2d3a4d3dae
2026-06-15T17:07:53.904-04:00  INFO 9212 --- [ms-eventos] [           main] o.hibernate.jpa.internal.util.LogHelper  : HHH000204: Processing PersistenceUnitInfo [name: default]
2026-06-15T17:07:54.304-04:00  INFO 9212 --- [ms-eventos] [           main] org.hibernate.Version                    : HHH000412: Hibernate ORM core version 6.6.49.Final
2026-06-15T17:07:54.479-04:00  INFO 9212 --- [ms-eventos] [           main] o.h.c.internal.RegionFactoryInitiator    : HHH000026: Second-level cache disabled
2026-06-15T17:07:55.153-04:00  INFO 9212 --- [ms-eventos] [           main] o.s.o.j.p.SpringPersistenceUnitInfo      : No LoadTimeWeaver setup: ignoring JPA class transformer
2026-06-15T17:07:55.322-04:00  INFO 9212 --- [ms-eventos] [           main] com.zaxxer.hikari.HikariDataSource       : HikariPool-1 - Starting...
2026-06-15T17:07:56.722-04:00  INFO 9212 --- [ms-eventos] [           main] com.zaxxer.hikari.pool.HikariPool        : HikariPool-1 - Added connection conn0: url=jdbc:h2:mem:testdb user=SA
2026-06-15T17:07:56.729-04:00  INFO 9212 --- [ms-eventos] [           main] com.zaxxer.hikari.HikariDataSource       : HikariPool-1 - Start completed.
2026-06-15T17:07:56.871-04:00  WARN 9212 --- [ms-eventos] [           main] org.hibernate.orm.deprecation            : HHH90000025: H2Dialect does not need to be specified explicitly using 'hibernate.dialect' (remove the property setting and it will be selected by default)
2026-06-15T17:07:56.981-04:00  INFO 9212 --- [ms-eventos] [           main] org.hibernate.orm.connections.pooling    : HHH10001005: Database info:
	Database JDBC URL [Connecting through datasource 'HikariDataSource (HikariPool-1)']
	Database driver: undefined/unknown
	Database version: 2.3.232
	Autocommit mode: undefined/unknown
	Isolation level: undefined/unknown
	Minimum pool size: undefined/unknown
	Maximum pool size: undefined/unknown
2026-06-15T17:08:00.242-04:00  INFO 9212 --- [ms-eventos] [           main] o.h.e.t.j.p.i.JtaPlatformInitiator       : HHH000489: No JTA platform available (set 'hibernate.transaction.jta.platform' to enable JTA platform integration)
Hibernate: 
    drop table if exists eventos cascade 
Hibernate: 
    create table eventos (
        capacidad_maxima integer not null,
        fecha_hora timestamp(6) not null,
        id bigint generated by default as identity,
        estado varchar(50) not null,
        nombre varchar(150) not null,
        ubicacion varchar(200) not null,
        informacion_general varchar(500) not null,
        primary key (id)
    )
2026-06-15T17:08:00.420-04:00  INFO 9212 --- [ms-eventos] [           main] j.LocalContainerEntityManagerFactoryBean : Initialized JPA EntityManagerFactory for persistence unit 'default'
2026-06-15T17:08:01.031-04:00  WARN 9212 --- [ms-eventos] [           main] JpaBaseConfiguration$JpaWebConfiguration : spring.jpa.open-in-view is enabled by default. Therefore, database queries may be performed during view rendering. Explicitly configure spring.jpa.open-in-view to disable this warning
2026-06-15T17:08:01.773-04:00  INFO 9212 --- [ms-eventos] [           main] DiscoveryClientOptionalArgsConfiguration : Eureka HTTP Client uses RestTemplate.
2026-06-15T17:08:01.899-04:00  WARN 9212 --- [ms-eventos] [           main] iguration$LoadBalancerCaffeineWarnLogger : Spring Cloud LoadBalancer is currently working with the default cache. While this cache implementation is useful for development and tests, it's recommended to use Caffeine cache in production.You can switch to using Caffeine cache, by adding it and org.springframework.cache.caffeine.CaffeineCacheManager to the classpath.
2026-06-15T17:08:01.983-04:00  INFO 9212 --- [ms-eventos] [           main] c.e.m.service.EventoServiceTest          : Started EventoServiceTest in 12.653 seconds (process running for 29.97)
]]></system-out>
  </testcase>
  <testcase name="testObtenerPorId_NoExiste" classname="cl.eventos.ms_eventos.service.EventoServiceTest" time="0.016"/>
  <testcase name="testGuardar" classname="cl.eventos.ms_eventos.service.EventoServiceTest" time="0.029"/>
  <testcase name="testObtenerTodos" classname="cl.eventos.ms_eventos.service.EventoServiceTest" time="0.011"/>
  <testcase name="testActualizar_CuandoNoExiste" classname="cl.eventos.ms_eventos.service.EventoServiceTest" time="0.012"/>
  <testcase name="testEliminar" classname="cl.eventos.ms_eventos.service.EventoServiceTest" time="0.01"/>
  <testcase name="testObtenerPorId_SinTickets_FallaFeign" classname="cl.eventos.ms_eventos.service.EventoServiceTest" time="0.254">
    <system-out><![CDATA[Solicitando tickets filtrados para la categoría: 1
--- ERROR DE CONEXIÓN CON MS-TICKETS ---
]]></system-out>
  </testcase>
  <testcase name="testObtenerPorId_ConTickets_Exito" classname="cl.eventos.ms_eventos.service.EventoServiceTest" time="0.011">
    <system-out><![CDATA[Solicitando tickets filtrados para la categoría: 1
¡Tickets filtrados acoplados con éxito!
]]></system-out>
  </testcase>
</testsuite>